c:\users\sk3eba\desktop\studia\studia\iii semestr\c++\sudoku\sudoku\x64\debug\vc143.pdb
c:\users\sk3eba\desktop\studia\studia\iii semestr\c++\sudoku\sudoku\x64\debug\vc143.idb
c:\users\sk3eba\desktop\studia\studia\iii semestr\c++\sudoku\sudoku\x64\debug\numbers.obj
c:\users\sk3eba\desktop\studia\studia\iii semestr\c++\sudoku\sudoku\x64\debug\main.obj
c:\users\sk3eba\desktop\studia\studia\iii semestr\c++\sudoku\sudoku\x64\debug\grid.obj
c:\users\sk3eba\desktop\studia\studia\iii semestr\c++\sudoku\sudoku\x64\debug\game.obj
c:\users\sk3eba\desktop\studia\studia\iii semestr\c++\sudoku\sudoku\x64\debug\solver.obj
c:\users\sk3eba\desktop\studia\studia\iii semestr\c++\sudoku\x64\debug\sudoku.exe
c:\users\sk3eba\desktop\studia\studia\iii semestr\c++\sudoku\x64\debug\sudoku.pdb
c:\users\sk3eba\desktop\studia\studia\iii semestr\c++\sudoku\sudoku\x64\debug\sudoku.ilk
c:\users\sk3eba\desktop\studia\studia\iii semestr\c++\sudoku\sudoku\x64\debug\sudoku.obj
c:\users\sk3eba\desktop\studia\studia\iii semestr\c++\sudoku\sudoku\x64\debug\sudokugrid.obj
c:\users\sk3eba\desktop\studia\studia\iii semestr\c++\sudoku\sudoku\x64\debug\test.obj
c:\users\sk3eba\desktop\studia\studia\iii semestr\c++\sudoku\sudoku\x64\debug\sudoku.tlog\cl.command.1.tlog
c:\users\sk3eba\desktop\studia\studia\iii semestr\c++\sudoku\sudoku\x64\debug\sudoku.tlog\cl.items.tlog
c:\users\sk3eba\desktop\studia\studia\iii semestr\c++\sudoku\sudoku\x64\debug\sudoku.tlog\cl.read.1.tlog
c:\users\sk3eba\desktop\studia\studia\iii semestr\c++\sudoku\sudoku\x64\debug\sudoku.tlog\cl.write.1.tlog
c:\users\sk3eba\desktop\studia\studia\iii semestr\c++\sudoku\sudoku\x64\debug\sudoku.tlog\link.command.1.tlog
c:\users\sk3eba\desktop\studia\studia\iii semestr\c++\sudoku\sudoku\x64\debug\sudoku.tlog\link.read.1.tlog
c:\users\sk3eba\desktop\studia\studia\iii semestr\c++\sudoku\sudoku\x64\debug\sudoku.tlog\link.secondary.1.tlog
c:\users\sk3eba\desktop\studia\studia\iii semestr\c++\sudoku\sudoku\x64\debug\sudoku.tlog\link.write.1.tlog
